<?xml version="1.0" encoding="UTF-8"?>
<!-- Generated by org.testng.reporters.JUnitXMLReporter -->
<testsuite ignored="0" hostname="Anshurai" failures="0" tests="4" name="Default test" time="20.524" errors="0" timestamp="2025-01-23T09:08:22 IST">
  <testcase classname="Run" name="TestCase1" time="4.046"/>
  <testcase classname="Run" name="TestCase2" time="4.951"/>
  <testcase classname="Run" name="TestCase3" time="8.002"/>
  <testcase classname="Run" name="TestCase4" time="3.491"/>
</testsuite> <!-- Default test -->
