<?xml version="1.0" encoding="UTF-8"?>
<testng-results ignored="0" total="3" passed="3" failed="0" skipped="0">
  <reporter-output>
  </reporter-output>
  <suite started-at="2025-03-05T20:49:54 IST" name="Default suite" finished-at="2025-03-05T20:50:24 IST" duration-ms="30283">
    <groups>
    </groups>
    <test started-at="2025-03-05T20:49:54 IST" name="Default test" finished-at="2025-03-05T20:50:24 IST" duration-ms="30283">
      <class name="Run">
        <test-method is-config="true" signature="TestCase1()[pri:0, instance:Run@6ca0256d]" started-at="2025-03-05T20:49:54 IST" name="TestCase1" finished-at="2025-03-05T20:49:58 IST" duration-ms="3906" status="PASS">
          <reporter-output>
          </reporter-output>
        </test-method> <!-- TestCase1 -->
        <test-method signature="TestCase2()[pri:0, instance:Run@6ca0256d]" started-at="2025-03-05T20:49:58 IST" name="TestCase2" finished-at="2025-03-05T20:50:04 IST" duration-ms="6523" status="PASS">
          <reporter-output>
          </reporter-output>
        </test-method> <!-- TestCase2 -->
        <test-method signature="TestCase3()[pri:0, instance:Run@6ca0256d]" started-at="2025-03-05T20:50:04 IST" name="TestCase3" finished-at="2025-03-05T20:50:17 IST" duration-ms="12414" status="PASS">
          <reporter-output>
          </reporter-output>
        </test-method> <!-- TestCase3 -->
        <test-method signature="TestCase4()[pri:0, instance:Run@6ca0256d]" started-at="2025-03-05T20:50:17 IST" name="TestCase4" finished-at="2025-03-05T20:50:24 IST" duration-ms="7380" status="PASS">
          <reporter-output>
          </reporter-output>
        </test-method> <!-- TestCase4 -->
      </class> <!-- Run -->
    </test> <!-- Default test -->
  </suite> <!-- Default suite -->
</testng-results>
