<?xml version="1.0" encoding="UTF-8"?>
<testng-results ignored="0" total="3" passed="3" failed="0" skipped="0">
  <reporter-output>
  </reporter-output>
  <suite started-at="2025-05-11T10:32:03 IST" name="Suite" finished-at="2025-05-11T10:32:53 IST" duration-ms="49807">
    <groups>
    </groups>
    <test started-at="2025-05-11T10:32:03 IST" name="book flight" finished-at="2025-05-11T10:32:53 IST" duration-ms="49754">
      <class name="test.java.Run">
        <test-method is-config="true" signature="TestCase1()[pri:0, instance:test.java.Run@56276db8]" started-at="2025-05-11T10:32:03 IST" name="TestCase1" finished-at="2025-05-11T10:32:08 IST" duration-ms="4975" status="PASS">
          <reporter-output>
          </reporter-output>
        </test-method> <!-- TestCase1 -->
        <test-method signature="TestCase2()[pri:0, instance:test.java.Run@56276db8]" started-at="2025-05-11T10:32:08 IST" name="TestCase2" finished-at="2025-05-11T10:32:13 IST" duration-ms="5250" status="PASS">
          <reporter-output>
          </reporter-output>
        </test-method> <!-- TestCase2 -->
        <test-method is-config="true" signature="TestCase1()[pri:0, instance:test.java.Run@56276db8]" started-at="2025-05-11T10:32:13 IST" name="TestCase1" finished-at="2025-05-11T10:32:16 IST" duration-ms="2456" status="PASS">
          <reporter-output>
          </reporter-output>
        </test-method> <!-- TestCase1 -->
        <test-method signature="TestCase3()[pri:0, instance:test.java.Run@56276db8]" started-at="2025-05-11T10:32:16 IST" name="TestCase3" finished-at="2025-05-11T10:32:39 IST" duration-ms="23201" status="PASS">
          <reporter-output>
          </reporter-output>
        </test-method> <!-- TestCase3 -->
        <test-method is-config="true" signature="TestCase1()[pri:0, instance:test.java.Run@56276db8]" started-at="2025-05-11T10:32:39 IST" name="TestCase1" finished-at="2025-05-11T10:32:44 IST" duration-ms="4664" status="PASS">
          <reporter-output>
          </reporter-output>
        </test-method> <!-- TestCase1 -->
        <test-method signature="TestCase4()[pri:0, instance:test.java.Run@56276db8]" started-at="2025-05-11T10:32:44 IST" name="TestCase4" finished-at="2025-05-11T10:32:53 IST" duration-ms="9143" status="PASS">
          <reporter-output>
          </reporter-output>
        </test-method> <!-- TestCase4 -->
      </class> <!-- test.java.Run -->
    </test> <!-- book flight -->
    <test started-at="2025-05-11T10:32:53 IST" name="Test" finished-at="2025-05-11T10:32:53 IST" duration-ms="1">
    </test> <!-- Test -->
  </suite> <!-- Suite -->
</testng-results>
